<?xml version="1.0" encoding="UTF-8"?>
<testsuite xmlns:xsi="http://www.w3.org/2001/XMLSchema-instance" xsi:noNamespaceSchemaLocation="https://maven.apache.org/surefire/maven-surefire-plugin/xsd/surefire-test-report-3.0.xsd" version="3.0" name="com.mayaping.ai.langchain4j.CitationRecorderTest" time="0.207" tests="9" errors="0" skipped="0" failures="0">
  <properties>
[...]
</properties>
  <testcase name="同一文档同一页去重" classname="com.mayaping.ai.langchain4j.CitationRecorderTest" time="0.069"/>
  <testcase name="不同会话互不干扰" classname="com.mayaping.ai.langchain4j.CitationRecorderTest" time="0.003"/>
  <testcase name="drain后再次取出为空" classname="com.mayaping.ai.langchain4j.CitationRecorderTest" time="0.002"/>
  <testcase name="多轮检索累积且保持顺序" classname="com.mayaping.ai.langchain4j.CitationRecorderTest" time="0.001"/>
  <testcase name="单会话来源条数有上限" classname="com.mayaping.ai.langchain4j.CitationRecorderTest" time="0.007"/>
  <testcase name="会话ID为空时跳过而不是记到别人头上" classname="com.mayaping.ai.langchain4j.CitationRecorderTest" time="0.001"/>
  <testcase name="记录后能取出文档与页码" classname="com.mayaping.ai.langchain4j.CitationRecorderTest" time="0.002"/>
  <testcase name="纯文本路径无页码时不影响其余字段" classname="com.mayaping.ai.langchain4j.CitationRecorderTest" time="0.001"/>
  <testcase name="缺少来源元数据的片段被跳过" classname="com.mayaping.ai.langchain4j.CitationRecorderTest" time="0.002"/>
</testsuite>