<?xml version="1.0" encoding="UTF-8"?>
<testsuite xmlns:xsi="http://www.w3.org/2001/XMLSchema-instance" xsi:noNamespaceSchemaLocation="https://maven.apache.org/surefire/maven-surefire-plugin/xsd/surefire-test-report-3.0.xsd" version="3.0" name="com.mayaping.ai.langchain4j.QueryRouteEvalTest" time="48.337" tests="1" errors="0" skipped="0" failures="0">
  <properties>
[...]
</properties>
  <testcase name="testRouteAccuracy" classname="com.mayaping.ai.langchain4j.QueryRouteEvalTest" time="5.115">
    <system-out><![CDATA[16:52:18.100 [main] INFO org.springframework.test.context.support.AnnotationConfigContextLoaderUtils -- Could not detect default configuration classes for test class [com.mayaping.ai.langchain4j.QueryRouteEvalTest]: QueryRouteEvalTest does not declare any static, non-private, non-final, nested classes annotated with @Configuration.
16:52:18.307 [main] INFO org.springframework.boot.test.context.SpringBootTestContextBootstrapper -- Found @SpringBootConfiguration com.mayaping.ai.langchain4j.LangChainApp for test class com.mayaping.ai.langchain4j.QueryRouteEvalTest

  .   ____          _            __ _ _
 /\\ / ___'_ __ _ _(_)_ __  __ _ \ \ \ \
( ( )\___ | '_ | '_| | '_ \/ _` | \ \ \ \
 \\/  ___)| |_)| | | | | || (_| |  ) ) ) )
  '  |____| .__|_| |_|_| |_\__, | / / / /
 =========|_|==============|___/=/_/_/_/

 :: Spring Boot ::                (v3.4.7)

2026-09-16T16:52:19.042+08:00  INFO 32512 --- [           main] c.m.ai.langchain4j.QueryRouteEvalTest    : Starting QueryRouteEvalTest using Java 17.0.9 with PID 32512 (started by 73519 in D:\bak\ai-langchain4j-prd\java-ai-langchain4j)
2026-09-16T16:52:19.045+08:00  INFO 32512 --- [           main] c.m.ai.langchain4j.QueryRouteEvalTest    : No active profile set, falling back to 1 default profile: "default"
2026-09-16T16:52:22.449+08:00  INFO 32512 --- [           main] .s.d.r.c.RepositoryConfigurationDelegate : Bootstrapping Spring Data MongoDB repositories in DEFAULT mode.
2026-09-16T16:52:22.531+08:00  INFO 32512 --- [           main] .s.d.r.c.RepositoryConfigurationDelegate : Finished Spring Data repository scanning in 64 ms. Found 0 MongoDB repository interfaces.
2026-09-16T16:52:23.501+08:00  WARN 32512 --- [           main] d.l.agent.tool.ToolSpecifications        : Parameter 'arg0' of tool method 'com.mayaping.ai.langchain4j.rag.tools.KnowledgeSearchTool.searchKnowledge' has no name available at runtime, so the LLM will see it as 'arg0'. Meaningless parameter names degrade tool calling accuracy. Either compile with the '-parameters' javac flag (<maven.compiler.parameters>true</maven.compiler.parameters>, or kotlinOptions.javaParameters=true), or name the parameter explicitly with @P(name = "...").
2026-09-16T16:52:23.648+08:00  WARN 32512 --- [           main] d.l.agent.tool.ToolSpecifications        : Parameter 'arg0' of tool method 'com.mayaping.ai.langchain4j.tools.AppointmentTools.bookAppointment' has no name available at runtime, so the LLM will see it as 'arg0'. Meaningless parameter names degrade tool calling accuracy. Either compile with the '-parameters' javac flag (<maven.compiler.parameters>true</maven.compiler.parameters>, or kotlinOptions.javaParameters=true), or name the parameter explicitly with @P(name = "...").
2026-09-16T16:52:23.694+08:00  WARN 32512 --- [           main] d.l.agent.tool.ToolSpecifications        : Parameter 'arg1' of tool method 'com.mayaping.ai.langchain4j.tools.CalculatorTools.sum' has no name available at runtime, so the LLM will see it as 'arg1'. Meaningless parameter names degrade tool calling accuracy. Either compile with the '-parameters' javac flag (<maven.compiler.parameters>true</maven.compiler.parameters>, or kotlinOptions.javaParameters=true), or name the parameter explicitly with @P(name = "...").
2026-09-16T16:52:25.842+08:00  INFO 32512 --- [           main] org.mongodb.driver.client                : MongoClient with metadata {"driver": {"name": "mongo-java-driver|sync|spring-boot", "version": "5.2.1"}, "os": {"type": "Windows", "name": "Windows 11", "architecture": "amd64", "version": "10.0"}, "platform": "Java/Oracle Corporation/17.0.9+11-LTS-201"} created with settings MongoClientSettings{readPreference=primary, writeConcern=WriteConcern{w=null, wTimeout=null ms, journal=null}, retryWrites=true, retryReads=true, readConcern=ReadConcern{level=null}, credential=null, transportSettings=null, commandListeners=[], codecRegistry=ProvidersCodecRegistry{codecProviders=[ValueCodecProvider{}, BsonValueCodecProvider{}, DBRefCodecProvider{}, DBObjectCodecProvider{}, DocumentCodecProvider{}, CollectionCodecProvider{}, IterableCodecProvider{}, MapCodecProvider{}, GeoJsonCodecProvider{}, GridFSFileCodecProvider{}, Jsr310CodecProvider{}, JsonObjectCodecProvider{}, BsonCodecProvider{}, EnumCodecProvider{}, com.mongodb.client.model.mql.ExpressionCodecProvider@748904e8, com.mongodb.Jep395RecordCodecProvider@4fbaa7f5, com.mongodb.KotlinCodecProvider@3b3056a6]}, loggerSettings=LoggerSettings{maxDocumentLength=1000}, clusterSettings={hosts=[localhost:27017], srvServiceName=mongodb, mode=SINGLE, requiredClusterType=UNKNOWN, requiredReplicaSetName='null', serverSelector='null', clusterListeners='[]', serverSelectionTimeout='30000 ms', localThreshold='15 ms'}, socketSettings=SocketSettings{connectTimeoutMS=10000, readTimeoutMS=0, receiveBufferSize=0, proxySettings=ProxySettings{host=null, port=null, username=null, password=null}}, heartbeatSocketSettings=SocketSettings{connectTimeoutMS=10000, readTimeoutMS=10000, receiveBufferSize=0, proxySettings=ProxySettings{host=null, port=null, username=null, password=null}}, connectionPoolSettings=ConnectionPoolSettings{maxSize=100, minSize=0, maxWaitTimeMS=120000, maxConnectionLifeTimeMS=0, maxConnectionIdleTimeMS=0, maintenanceInitialDelayMS=0, maintenanceFrequencyMS=60000, connectionPoolListeners=[], maxConnecting=2}, serverSettings=ServerSettings{heartbeatFrequencyMS=10000, minHeartbeatFrequencyMS=500, serverMonitoringMode=AUTO, serverListeners='[]', serverMonitorListeners='[]'}, sslSettings=SslSettings{enabled=false, invalidHostNameAllowed=false, context=null}, applicationName='null', compressorList=[], uuidRepresentation=JAVA_LEGACY, serverApi=null, autoEncryptionSettings=null, dnsClient=null, inetAddressResolver=null, contextProvider=null, timeoutMS=null}
2026-09-16T16:52:25.978+08:00  INFO 32512 --- [localhost:27017] org.mongodb.driver.cluster               : Monitor thread successfully connected to server with description ServerDescription{address=localhost:27017, type=STANDALONE, cryptd=false, state=CONNECTED, ok=true, minWireVersion=0, maxWireVersion=27, maxDocumentSize=16777216, logicalSessionTimeoutMinutes=30, roundTripTimeNanos=92715400, minRoundTripTimeNanos=0}
Logging initialized using 'class org.apache.ibatis.logging.stdout.StdOutImpl' adapter.
Get /192.168.144.1 network interface 
Get network interface info: name:eth27 (Hyper-V Virtual Ethernet Adapter)
Initialization Sequence datacenterId:25 workerId:20
 _ _   |_  _ _|_. ___ _ |    _ 
| | |\/|_)(_| | |_\  |_)||_|_\ 
     /               |         
                        3.5.11 
2026-09-16T16:52:39.210+08:00  INFO 32512 --- [           main] c.m.a.l.config.AgenticRagConfig          : MCP filesystem server已启动，暴露知识库目录：D:\bak\ai-langchain4j-prd\java-ai-langchain4j\knowledge
2026-09-16T16:52:40.638+08:00  INFO 32512 --- [           main] o.s.v.b.OptionalValidatorFactoryBean     : Failed to set up a Bean Validation provider: jakarta.validation.NoProviderFoundException: Unable to create a Configuration, because no Jakarta Bean Validation provider could be found. Add a provider like Hibernate Validator (RI) to your classpath.
2026-09-16T16:53:00.940+08:00  INFO 32512 --- [           main] c.m.ai.langchain4j.QueryRouteEvalTest    : Started QueryRouteEvalTest in 42.376 seconds (process running for 44.222)
======== 复杂度路由评测 ========
2026-09-16T16:53:04.172+08:00  INFO 32512 --- [           main] c.m.a.l.r.router.QueryComplexityRouter   : 复杂度路由 → SIMPLE_RAG（依据：规则·寒暄）｜问题：你好
✓  你好                         期望：SIMPLE_RAG  实际：SIMPLE_RAG  依据：规则·寒暄                  耗时：2ms
2026-09-16T16:53:04.178+08:00  INFO 32512 --- [           main] c.m.a.l.r.router.QueryComplexityRouter   : 复杂度路由 → SIMPLE_RAG（依据：规则·短句(<=15字)）｜问题：医院几点上班？
✓  医院几点上班？                    期望：SIMPLE_RAG  实际：SIMPLE_RAG  依据：规则·短句(<=15字)           耗时：1ms
2026-09-16T16:53:04.179+08:00  INFO 32512 --- [           main] c.m.a.l.r.router.QueryComplexityRouter   : 复杂度路由 → SIMPLE_RAG（依据：规则·挂号业务）｜问题：我想挂号
✓  我想挂号                       期望：SIMPLE_RAG  实际：SIMPLE_RAG  依据：规则·挂号业务                耗时：0ms
2026-09-16T16:53:04.181+08:00  INFO 32512 --- [           main] c.m.a.l.r.router.QueryComplexityRouter   : 复杂度路由 → SIMPLE_RAG（依据：规则·挂号业务）｜问题：帮我取消明天上午的预约
✓  帮我取消明天上午的预约                期望：SIMPLE_RAG  实际：SIMPLE_RAG  依据：规则·挂号业务                耗时：0ms
2026-09-16T16:53:04.182+08:00  INFO 32512 --- [           main] c.m.a.l.r.router.QueryComplexityRouter   : 复杂度路由 → SIMPLE_RAG（依据：规则·短句(<=15字)）｜问题：神经内科在门诊楼几楼？
✓  神经内科在门诊楼几楼？                期望：SIMPLE_RAG  实际：SIMPLE_RAG  依据：规则·短句(<=15字)           耗时：0ms
2026-09-16T16:53:04.185+08:00  INFO 32512 --- [           main] c.m.a.l.r.router.QueryComplexityRouter   : 复杂度路由 → SIMPLE_RAG（依据：规则·短句(<=15字)）｜问题：脑梗塞的前兆症状有哪些？
✓  脑梗塞的前兆症状有哪些？               期望：SIMPLE_RAG  实际：SIMPLE_RAG  依据：规则·短句(<=15字)           耗时：0ms
2026-09-16T16:53:04.188+08:00  INFO 32512 --- [           main] c.m.a.l.r.router.QueryComplexityRouter   : 复杂度路由 → SIMPLE_RAG（依据：规则·短句(<=15字)）｜问题：做脑电图检查之前需要空腹吗
✓  做脑电图检查之前需要空腹吗              期望：SIMPLE_RAG  实际：SIMPLE_RAG  依据：规则·短句(<=15字)           耗时：0ms
2026-09-16T16:53:04.190+08:00  INFO 32512 --- [           main] c.m.a.l.r.router.QueryComplexityRouter   : 复杂度路由 → SIMPLE_RAG（依据：规则·短句(<=15字)）｜问题：流感疫苗什么时候打好
✓  流感疫苗什么时候打好                 期望：SIMPLE_RAG  实际：SIMPLE_RAG  依据：规则·短句(<=15字)           耗时：0ms
2026-09-16T16:53:04.192+08:00  INFO 32512 --- [           main] c.m.a.l.r.router.QueryComplexityRouter   : 复杂度路由 → AGENTIC_RAG（依据：规则·并列多主题）｜问题：神经内科和心内科都看什么病？
✓  神经内科和心内科都看什么病？             期望：AGENTIC_RAG 实际：AGENTIC_RAG 依据：规则·并列多主题               耗时：0ms
2026-09-16T16:53:04.193+08:00  INFO 32512 --- [           main] c.m.a.l.r.router.QueryComplexityRouter   : 复杂度路由 → AGENTIC_RAG（依据：规则·并列多主题）｜问题：请分别介绍一下体检中心和神经内科
✓  请分别介绍一下体检中心和神经内科           期望：AGENTIC_RAG 实际：AGENTIC_RAG 依据：规则·并列多主题               耗时：0ms
2026-09-16T16:53:04.194+08:00  INFO 32512 --- [           main] c.m.a.l.r.router.QueryComplexityRouter   : 复杂度路由 → AGENTIC_RAG（依据：规则·对比择优）｜问题：脑梗和脑出血有什么区别？
✓  脑梗和脑出血有什么区别？               期望：AGENTIC_RAG 实际：AGENTIC_RAG 依据：规则·对比择优                耗时：0ms
2026-09-16T16:53:04.195+08:00  INFO 32512 --- [           main] c.m.a.l.r.router.QueryComplexityRouter   : 复杂度路由 → AGENTIC_RAG（依据：规则·要文档原文）｜问题：帮我读一下体检中心那个文档的原文
✓  帮我读一下体检中心那个文档的原文           期望：AGENTIC_RAG 实际：AGENTIC_RAG 依据：规则·要文档原文               耗时：0ms
2026-09-16T16:53:04.197+08:00  INFO 32512 --- [           main] c.m.a.l.r.router.QueryComplexityRouter   : 复杂度路由 → AGENTIC_RAG（依据：规则·要文档原文）｜问题：知识库里都有哪些文件？
✓  知识库里都有哪些文件？                期望：AGENTIC_RAG 实际：AGENTIC_RAG 依据：规则·要文档原文               耗时：0ms
2026-09-16T16:53:04.199+08:00  INFO 32512 --- [           main] c.m.a.l.r.router.QueryComplexityRouter   : 复杂度路由 → AGENTIC_RAG（依据：规则·要汇总整理）｜问题：总结一下医院的就诊须知
✓  总结一下医院的就诊须知                期望：AGENTIC_RAG 实际：AGENTIC_RAG 依据：规则·要汇总整理               耗时：0ms
2026-09-16T16:53:04.200+08:00  INFO 32512 --- [           main] c.m.a.l.r.router.QueryComplexityRouter   : 复杂度路由 → AGENTIC_RAG（依据：规则·多步推理）｜问题：我先做个体检，再根据结果挂对应的科室，该怎么安排？
✓  我先做个体检，再根据结果挂对应的科室，该怎么安排？  期望：AGENTIC_RAG 实际：AGENTIC_RAG 依据：规则·多步推理                耗时：0ms
2026-09-16T16:53:04.200+08:00  INFO 32512 --- [           main] c.m.a.l.r.router.QueryComplexityRouter   : 复杂度路由 → AGENTIC_RAG（依据：规则·多问句）｜问题：挂号需要带什么？体检需要空腹吗？
✓  挂号需要带什么？体检需要空腹吗？           期望：AGENTIC_RAG 实际：AGENTIC_RAG 依据：规则·多问句                 耗时：0ms
2026-09-16T16:53:05.507+08:00  INFO 32512 --- [           main] c.m.a.l.r.router.QueryComplexityRouter   : 复杂度路由 → SIMPLE_RAG（依据：LLM·SIMPLE）｜问题：失眠已经持续一个月了应该去看哪个科室比较合适
✓  失眠已经持续一个月了应该去看哪个科室比较合适     期望：SIMPLE_RAG  实际：SIMPLE_RAG  依据：LLM·SIMPLE             耗时：1306ms
2026-09-16T16:53:05.778+08:00  INFO 32512 --- [           main] c.m.a.l.r.router.QueryComplexityRouter   : 复杂度路由 → AGENTIC_RAG（依据：LLM·COMPLEX）｜问题：宝宝最近总是半夜发烧咳嗽应该去看什么科室呢
✗  宝宝最近总是半夜发烧咳嗽应该去看什么科室呢      期望：SIMPLE_RAG  实际：AGENTIC_RAG 依据：LLM·COMPLEX            耗时：270ms
2026-09-16T16:53:06.090+08:00  INFO 32512 --- [           main] c.m.a.l.r.router.QueryComplexityRouter   : 复杂度路由 → AGENTIC_RAG（依据：LLM·COMPLEX）｜问题：我要做一个全身体检同时还想咨询一下失眠的治疗方案
✓  我要做一个全身体检同时还想咨询一下失眠的治疗方案   期望：AGENTIC_RAG 实际：AGENTIC_RAG 依据：LLM·COMPLEX            耗时：311ms
================================
准确率   = 18/19 = 94.7%
规则命中 = 16/19 = 84.2%（其余走LLM兜底）
]]></system-out>
  </testcase>
</testsuite>