<?xml version="1.0" encoding="UTF-8"?>
<testsuite xmlns:xsi="http://www.w3.org/2001/XMLSchema-instance" xsi:noNamespaceSchemaLocation="https://maven.apache.org/surefire/maven-surefire-plugin/xsd/surefire-test-report-3.0.xsd" version="3.0" name="com.mayaping.ai.langchain4j.RetrievalEvalTest" time="66.661" tests="1" errors="0" skipped="0" failures="0">
  <properties>
[...]
</properties>
  <testcase name="testRecall" classname="com.mayaping.ai.langchain4j.RetrievalEvalTest" time="19.789">
    <system-out><![CDATA[16:22:20.916 [main] INFO org.springframework.test.context.support.AnnotationConfigContextLoaderUtils -- Could not detect default configuration classes for test class [com.mayaping.ai.langchain4j.RetrievalEvalTest]: RetrievalEvalTest does not declare any static, non-private, non-final, nested classes annotated with @Configuration.
16:22:21.061 [main] INFO org.springframework.boot.test.context.SpringBootTestContextBootstrapper -- Found @SpringBootConfiguration com.mayaping.ai.langchain4j.LangChainApp for test class com.mayaping.ai.langchain4j.RetrievalEvalTest

  .   ____          _            __ _ _
 /\\ / ___'_ __ _ _(_)_ __  __ _ \ \ \ \
( ( )\___ | '_ | '_| | '_ \/ _` | \ \ \ \
 \\/  ___)| |_)| | | | | || (_| |  ) ) ) )
  '  |____| .__|_| |_|_| |_\__, | / / / /
 =========|_|==============|___/=/_/_/_/

 :: Spring Boot ::                (v3.4.7)

2026-09-15T16:22:21.545+08:00  INFO 19980 --- [           main] c.m.ai.langchain4j.RetrievalEvalTest     : Starting RetrievalEvalTest using Java 17.0.9 with PID 19980 (started by 73519 in D:\bak\ai-langchain4j-prd\java-ai-langchain4j)
2026-09-15T16:22:21.546+08:00  INFO 19980 --- [           main] c.m.ai.langchain4j.RetrievalEvalTest     : No active profile set, falling back to 1 default profile: "default"
2026-09-15T16:22:22.829+08:00  INFO 19980 --- [           main] .s.d.r.c.RepositoryConfigurationDelegate : Bootstrapping Spring Data MongoDB repositories in DEFAULT mode.
2026-09-15T16:22:22.861+08:00  INFO 19980 --- [           main] .s.d.r.c.RepositoryConfigurationDelegate : Finished Spring Data repository scanning in 20 ms. Found 0 MongoDB repository interfaces.
2026-09-15T16:22:23.571+08:00  WARN 19980 --- [           main] d.l.agent.tool.ToolSpecifications        : Parameter 'arg0' of tool method 'com.mayaping.ai.langchain4j.rag.tools.KnowledgeSearchTool.searchKnowledge' has no name available at runtime, so the LLM will see it as 'arg0'. Meaningless parameter names degrade tool calling accuracy. Either compile with the '-parameters' javac flag (<maven.compiler.parameters>true</maven.compiler.parameters>, or kotlinOptions.javaParameters=true), or name the parameter explicitly with @P(name = "...").
2026-09-15T16:22:23.653+08:00  WARN 19980 --- [           main] d.l.agent.tool.ToolSpecifications        : Parameter 'arg0' of tool method 'com.mayaping.ai.langchain4j.tools.AppointmentTools.cancelAppointment' has no name available at runtime, so the LLM will see it as 'arg0'. Meaningless parameter names degrade tool calling accuracy. Either compile with the '-parameters' javac flag (<maven.compiler.parameters>true</maven.compiler.parameters>, or kotlinOptions.javaParameters=true), or name the parameter explicitly with @P(name = "...").
2026-09-15T16:22:23.671+08:00  WARN 19980 --- [           main] d.l.agent.tool.ToolSpecifications        : Parameter 'arg1' of tool method 'com.mayaping.ai.langchain4j.tools.CalculatorTools.sum' has no name available at runtime, so the LLM will see it as 'arg1'. Meaningless parameter names degrade tool calling accuracy. Either compile with the '-parameters' javac flag (<maven.compiler.parameters>true</maven.compiler.parameters>, or kotlinOptions.javaParameters=true), or name the parameter explicitly with @P(name = "...").
2026-09-15T16:22:24.560+08:00  INFO 19980 --- [           main] org.mongodb.driver.client                : MongoClient with metadata {"driver": {"name": "mongo-java-driver|sync|spring-boot", "version": "5.2.1"}, "os": {"type": "Windows", "name": "Windows 11", "architecture": "amd64", "version": "10.0"}, "platform": "Java/Oracle Corporation/17.0.9+11-LTS-201"} created with settings MongoClientSettings{readPreference=primary, writeConcern=WriteConcern{w=null, wTimeout=null ms, journal=null}, retryWrites=true, retryReads=true, readConcern=ReadConcern{level=null}, credential=null, transportSettings=null, commandListeners=[], codecRegistry=ProvidersCodecRegistry{codecProviders=[ValueCodecProvider{}, BsonValueCodecProvider{}, DBRefCodecProvider{}, DBObjectCodecProvider{}, DocumentCodecProvider{}, CollectionCodecProvider{}, IterableCodecProvider{}, MapCodecProvider{}, GeoJsonCodecProvider{}, GridFSFileCodecProvider{}, Jsr310CodecProvider{}, JsonObjectCodecProvider{}, BsonCodecProvider{}, EnumCodecProvider{}, com.mongodb.client.model.mql.ExpressionCodecProvider@13d289c7, com.mongodb.Jep395RecordCodecProvider@6704df84, com.mongodb.KotlinCodecProvider@1412682c]}, loggerSettings=LoggerSettings{maxDocumentLength=1000}, clusterSettings={hosts=[localhost:27017], srvServiceName=mongodb, mode=SINGLE, requiredClusterType=UNKNOWN, requiredReplicaSetName='null', serverSelector='null', clusterListeners='[]', serverSelectionTimeout='30000 ms', localThreshold='15 ms'}, socketSettings=SocketSettings{connectTimeoutMS=10000, readTimeoutMS=0, receiveBufferSize=0, proxySettings=ProxySettings{host=null, port=null, username=null, password=null}}, heartbeatSocketSettings=SocketSettings{connectTimeoutMS=10000, readTimeoutMS=10000, receiveBufferSize=0, proxySettings=ProxySettings{host=null, port=null, username=null, password=null}}, connectionPoolSettings=ConnectionPoolSettings{maxSize=100, minSize=0, maxWaitTimeMS=120000, maxConnectionLifeTimeMS=0, maxConnectionIdleTimeMS=0, maintenanceInitialDelayMS=0, maintenanceFrequencyMS=60000, connectionPoolListeners=[], maxConnecting=2}, serverSettings=ServerSettings{heartbeatFrequencyMS=10000, minHeartbeatFrequencyMS=500, serverMonitoringMode=AUTO, serverListeners='[]', serverMonitorListeners='[]'}, sslSettings=SslSettings{enabled=false, invalidHostNameAllowed=false, context=null}, applicationName='null', compressorList=[], uuidRepresentation=JAVA_LEGACY, serverApi=null, autoEncryptionSettings=null, dnsClient=null, inetAddressResolver=null, contextProvider=null, timeoutMS=null}
2026-09-15T16:22:24.626+08:00  INFO 19980 --- [localhost:27017] org.mongodb.driver.cluster               : Monitor thread successfully connected to server with description ServerDescription{address=localhost:27017, type=STANDALONE, cryptd=false, state=CONNECTED, ok=true, minWireVersion=0, maxWireVersion=27, maxDocumentSize=16777216, logicalSessionTimeoutMinutes=30, roundTripTimeNanos=49926700, minRoundTripTimeNanos=0}
Logging initialized using 'class org.apache.ibatis.logging.stdout.StdOutImpl' adapter.
Get /192.168.144.1 network interface 
Get network interface info: name:eth27 (Hyper-V Virtual Ethernet Adapter)
Initialization Sequence datacenterId:29 workerId:2
 _ _   |_  _ _|_. ___ _ |    _ 
| | |\/|_)(_| | |_\  |_)||_|_\ 
     /               |         
                        3.5.11 
2026-09-15T16:22:57.918+08:00  WARN 19980 --- [           main] d.l.mcp.client.DefaultMcpClient          : The server did not answer the 2026-07-28 protocol detection request within PT30S, so it is treated as a 2025-11-25 server. If it does support 2026-07-28, raise protocolDetectionTimeout or set protocolVersion explicitly.
2026-09-15T16:23:01.103+08:00  WARN 19980 --- [pool-4-thread-1] d.l.m.c.transport.McpOperationHandler    : Received response for unknown message id: 0
2026-09-15T16:23:01.150+08:00  INFO 19980 --- [           main] c.m.a.l.config.AgenticRagConfig          : MCP filesystem server已启动，暴露知识库目录：D:\bak\ai-langchain4j-prd\java-ai-langchain4j\knowledge
2026-09-15T16:23:01.957+08:00  INFO 19980 --- [           main] o.s.v.b.OptionalValidatorFactoryBean     : Failed to set up a Bean Validation provider: jakarta.validation.NoProviderFoundException: Unable to create a Configuration, because no Jakarta Bean Validation provider could be found. Add a provider like Hibernate Validator (RI) to your classpath.
2026-09-15T16:23:07.518+08:00  INFO 19980 --- [           main] c.m.ai.langchain4j.RetrievalEvalTest     : Started RetrievalEvalTest in 46.274 seconds (process running for 47.593)
======== 检索质量评测（完整链路） ========
✓  问题：医院地址在哪里，坐地铁怎么走？
   期望：医院信息.md，实际命中：[医院信息.md, 科室信息.md, 体检中心.md]
✓  问题：门诊的开放时间是什么时候？
   期望：医院信息.md，实际命中：[医院信息.md, 科室信息.md, 神经内科.md]
✓  问题：神经内科在门诊楼几楼？
   期望：科室信息.md，实际命中：[科室信息.md, 神经内科.md, 体检中心.md]
✓  问题：孩子发烧应该挂什么科？
   期望：科室信息.md，实际命中：[科室信息.md, 神经内科.md, 医院信息.md]
✓  问题：脑梗塞的前兆症状有哪些？
   期望：神经内科.md，实际命中：[神经内科.md, 科室信息.md, 医院信息.md]
✓  问题：溶栓治疗的时间窗是多久？
   期望：神经内科.md，实际命中：[神经内科.md, 医院信息.md, 科室信息.md]
✓  问题：做脑电图检查要注意什么？
   期望：神经内科.md，实际命中：[神经内科.md, 体检中心.md, 医院信息.md]
✓  问题：体检之前需要做什么准备？
   期望：体检中心.md，实际命中：[体检中心.md, 神经内科.md, 医院信息.md]
✓  问题：高血压患者日常要注意什么？
   期望：体检中心.md，实际命中：[体检中心.md, 科室信息.md, 神经内科.md]
✓  问题：流感疫苗什么时候打比较好？
   期望：体检中心.md，实际命中：[体检中心.md, 神经内科.md, 科室信息.md]
=========================================
Recall = 10/10 = 100.0%
]]></system-out>
  </testcase>
</testsuite>